<?xml version="1.0" encoding="UTF-8"?>
<!-- Generated by org.testng.reporters.JUnitXMLReporter -->
<testsuite ignored="0" hostname="Sakib" failures="0" tests="10" name="OpenCart Test Cases" time="28.611" errors="0" timestamp="2024-10-14T12:38:24 BDT">
  <testcase classname="AllTests.RegisterAuth" name="verifyRegisterWithMandatoryFields" time="1.612"/>
  <testcase classname="AllTests.RegisterAuth" name="verifyLoginWithAllFields" time="1.02"/>
  <testcase classname="AllTests.RegisterAuth" name="verifyRegisterLoginWithExistingEmail" time="0.81"/>
  <testcase classname="AllTests.RegisterAuth" name="verifyRegisterAccWithoutAnyDetails" time="0.428"/>
  <testcase classname="AllTests.OpencartLogin" name="verifyLogin" time="0.702"/>
  <testcase classname="AllTests.OpencartLogin" name="verifyLoginInvalidCreds" time="0.716"/>
  <testcase classname="AllTests.OpencartLogin" name="verifyLoginInvalidPass" time="0.783"/>
  <testcase classname="AllTests.Search" name="verifySearchFieldValidInputs" time="0.341"/>
  <testcase classname="AllTests.Search" name="verifySearchFieldInvalidInputs" time="0.3"/>
  <testcase classname="AllTests.Search" name="verifySearchFieldNullInputs" time="0.26"/>
</testsuite> <!-- OpenCart Test Cases -->
