<?xml version="1.0" encoding="UTF-8"?>
<!-- Generated by org.testng.reporters.JUnitXMLReporter -->
<testsuite ignored="0" hostname="Sakib" failures="0" tests="10" name="OpenCart Test Cases" time="29.813" errors="0" timestamp="2024-10-16T13:52:52 BDT">
  <testcase classname="AllTests.RegisterAuth" name="verifyRegisterWithMandatoryFields" time="1.12"/>
  <testcase classname="AllTests.RegisterAuth" name="verifyLoginWithAllFields" time="0.991"/>
  <testcase classname="AllTests.RegisterAuth" name="verifyRegisterLoginWithExistingEmail" time="0.953"/>
  <testcase classname="AllTests.RegisterAuth" name="verifyRegisterAccWithoutAnyDetails" time="0.541"/>
  <testcase classname="AllTests.OpencartLogin" name="verifyLogin" time="0.889"/>
  <testcase classname="AllTests.OpencartLogin" name="verifyLoginInvalidCreds" time="0.71"/>
  <testcase classname="AllTests.OpencartLogin" name="verifyLoginInvalidPass" time="0.699"/>
  <testcase classname="AllTests.Search" name="verifySearchFieldValidInputs" time="0.363"/>
  <testcase classname="AllTests.Search" name="verifySearchFieldInvalidInputs" time="0.289"/>
  <testcase classname="AllTests.Search" name="verifySearchFieldNullInputs" time="0.287"/>
</testsuite> <!-- OpenCart Test Cases -->
