<?xml version="1.0" encoding="UTF-8"?>
<!-- Generated by org.testng.reporters.JUnitXMLReporter -->
<testsuite ignored="0" hostname="Sakib" failures="0" tests="3" name="Default test" time="8.666" errors="0" timestamp="2024-10-14T14:26:30 BDT">
  <testcase classname="AllTests.Search" name="verifySearchFieldValidInputs" time="0.387"/>
  <testcase classname="AllTests.Search" name="verifySearchFieldInvalidInputs" time="0.276"/>
  <testcase classname="AllTests.Search" name="verifySearchFieldNullInputs" time="0.259"/>
</testsuite> <!-- Default test -->
