<?xml version="1.0" encoding="UTF-8"?>
<testng-results ignored="0" total="3" passed="3" failed="0" skipped="0">
  <reporter-output>
  </reporter-output>
  <suite started-at="2024-10-14T14:26:21 BDT" name="Default suite" finished-at="2024-10-14T14:26:30 BDT" duration-ms="8666">
    <groups>
    </groups>
    <test started-at="2024-10-14T14:26:21 BDT" name="Default test" finished-at="2024-10-14T14:26:30 BDT" duration-ms="8666">
      <class name="AllTests.Search">
        <test-method is-config="true" signature="setup()[pri:0, instance:AllTests.Search@623a8092]" started-at="2024-10-14T14:26:21 BDT" name="setup" finished-at="2024-10-14T14:26:25 BDT" duration-ms="3568" status="PASS">
          <reporter-output>
          </reporter-output>
        </test-method> <!-- setup -->
        <test-method signature="verifySearchFieldValidInputs()[pri:1, instance:AllTests.Search@623a8092]" started-at="2024-10-14T14:26:25 BDT" name="verifySearchFieldValidInputs" finished-at="2024-10-14T14:26:25 BDT" duration-ms="387" status="PASS">
          <reporter-output>
          </reporter-output>
        </test-method> <!-- verifySearchFieldValidInputs -->
        <test-method is-config="true" signature="tearDown()[pri:0, instance:AllTests.Search@623a8092]" started-at="2024-10-14T14:26:25 BDT" name="tearDown" finished-at="2024-10-14T14:26:25 BDT" duration-ms="158" status="PASS">
          <reporter-output>
          </reporter-output>
        </test-method> <!-- tearDown -->
        <test-method is-config="true" signature="setup()[pri:0, instance:AllTests.Search@623a8092]" started-at="2024-10-14T14:26:25 BDT" name="setup" finished-at="2024-10-14T14:26:27 BDT" duration-ms="1915" status="PASS">
          <reporter-output>
          </reporter-output>
        </test-method> <!-- setup -->
        <test-method signature="verifySearchFieldInvalidInputs()[pri:2, instance:AllTests.Search@623a8092]" started-at="2024-10-14T14:26:27 BDT" name="verifySearchFieldInvalidInputs" finished-at="2024-10-14T14:26:27 BDT" duration-ms="276" status="PASS">
          <reporter-output>
          </reporter-output>
        </test-method> <!-- verifySearchFieldInvalidInputs -->
        <test-method is-config="true" signature="tearDown()[pri:0, instance:AllTests.Search@623a8092]" started-at="2024-10-14T14:26:27 BDT" name="tearDown" finished-at="2024-10-14T14:26:28 BDT" duration-ms="112" status="PASS">
          <reporter-output>
          </reporter-output>
        </test-method> <!-- tearDown -->
        <test-method is-config="true" signature="setup()[pri:0, instance:AllTests.Search@623a8092]" started-at="2024-10-14T14:26:28 BDT" name="setup" finished-at="2024-10-14T14:26:29 BDT" duration-ms="1845" status="PASS">
          <reporter-output>
          </reporter-output>
        </test-method> <!-- setup -->
        <test-method signature="verifySearchFieldNullInputs()[pri:3, instance:AllTests.Search@623a8092]" started-at="2024-10-14T14:26:29 BDT" name="verifySearchFieldNullInputs" finished-at="2024-10-14T14:26:30 BDT" duration-ms="259" status="PASS">
          <reporter-output>
          </reporter-output>
        </test-method> <!-- verifySearchFieldNullInputs -->
        <test-method is-config="true" signature="tearDown()[pri:0, instance:AllTests.Search@623a8092]" started-at="2024-10-14T14:26:30 BDT" name="tearDown" finished-at="2024-10-14T14:26:30 BDT" duration-ms="111" status="PASS">
          <reporter-output>
          </reporter-output>
        </test-method> <!-- tearDown -->
      </class> <!-- AllTests.Search -->
    </test> <!-- Default test -->
  </suite> <!-- Default suite -->
</testng-results>
